<?xml version="1.0" encoding="UTF-8"?>
<!-- Generated by org.testng.reporters.JUnitReportReporter -->
<testsuite hostname="DESKTOP-966SGSR" failures="0" tests="7" name="com.simplilearn.demo.FlipkartLogin" time="54.529" errors="0" timestamp="2022-10-11T14:14:42 IST" skipped="0">
  <testcase classname="com.simplilearn.demo.FlipkartLogin" name="Search_T5" time="3.103"/>
  <system-out/>
  <testcase classname="com.simplilearn.demo.FlipkartLogin" name="initialization_T0" time="5.839"/>
  <system-out/>
  <testcase classname="com.simplilearn.demo.FlipkartLogin" name="TitleTest_T2" time="3.038"/>
  <system-out/>
  <testcase classname="com.simplilearn.demo.FlipkartLogin" name="Scroll_T6" time="3.043"/>
  <system-out/>
  <testcase classname="com.simplilearn.demo.FlipkartLogin" name="MaxWindow_T3" time="3.147"/>
  <system-out/>
  <testcase classname="com.simplilearn.demo.FlipkartLogin" name="SendingQuerry_T4" time="3.144"/>
  <system-out/>
  <testcase classname="com.simplilearn.demo.FlipkartLogin" name="cross_T1" time="33.215"/>
  <system-out/>
</testsuite> <!-- com.simplilearn.demo.FlipkartLogin -->
