<?xml version="1.0" encoding="UTF-8"?>
<!-- Generated by org.testng.reporters.JUnitReportReporter -->
<testsuite hostname="DESKTOP-966SGSR" failures="0" tests="1" name="com.testing.page_load_testing" time="37.240" errors="0" timestamp="2022-10-10T16:30:34 IST" skipped="0">
  <testcase classname="com.testing.page_load_testing" name="FlipkartPageLoadTest" time="37.240"/>
  <system-out/>
</testsuite> <!-- com.testing.page_load_testing -->
